<?xml version="1.0" encoding="UTF-8"?>
<testsuite name="com.flash_card.demo.controller.HelloWorldTest" tests="1" skipped="0" failures="0" errors="0" timestamp="2024-04-30T12:32:23" hostname="PC1731" time="0.015">
  <properties/>
  <testcase name="testGetMethodName()" classname="com.flash_card.demo.controller.HelloWorldTest" time="0.015"/>
  <system-out><![CDATA[]]></system-out>
  <system-err><![CDATA[]]></system-err>
</testsuite>
