<?xml version="1.0" encoding="UTF-8"?>
<testsuite name="com.flash_card.demo.repository.CategoryRepositoryImplTest" tests="0" skipped="0" failures="0" errors="0" timestamp="1970-01-01T00:00:00" hostname="PC1731" time="0.0">
  <properties/>
  <system-out><![CDATA[2024-04-30T21:32:23.770+09:00  INFO 22428 --- [    Test worker] t.c.s.AnnotationConfigContextLoaderUtils : Could not detect default configuration classes for test class [com.flash_card.demo.repository.CategoryRepositoryImplTest]: CategoryRepositoryImplTest does not declare any static, non-private, non-final, nested classes annotated with @Configuration.
2024-04-30T21:32:23.794+09:00  INFO 22428 --- [    Test worker] .b.t.c.SpringBootTestContextBootstrapper : Found @SpringBootConfiguration com.flash_card.demo.DemoApplication for test class com.flash_card.demo.repository.CategoryRepositoryImplTest
]]></system-out>
  <system-err><![CDATA[]]></system-err>
</testsuite>
